
*** Running vivado
    with args -log bs_distane_leds_HCRS04_0_0.vds -m64 -product Vivado -mode batch -messageDb vivado.pb -notrace -source bs_distane_leds_HCRS04_0_0.tcl



****** Vivado v2022.1 (64-bit)
  **** SW Build 3526262 on Mon Apr 18 15:48:16 MDT 2022
  **** IP Build 3524634 on Mon Apr 18 20:55:01 MDT 2022
    ** Copyright 1986-2022 Xilinx, Inc. All Rights Reserved.

source bs_distane_leds_HCRS04_0_0.tcl -notrace
create_project: Time (s): cpu = 00:00:04 ; elapsed = 00:00:05 . Memory (MB): peak = 1614.234 ; gain = 0.000
INFO: [IP_Flow 19-234] Refreshing IP repositories
INFO: [IP_Flow 19-1704] No user IP repositories specified
INFO: [IP_Flow 19-2313] Loaded Vivado IP repository 'H:/Vivado/2022.1/data/ip'.
Command: synth_design -top bs_distane_leds_HCRS04_0_0 -part xc7z020clg400-1 -incremental_mode off -mode out_of_context
Starting synth_design
Attempting to get a license for feature 'Synthesis' and/or device 'xc7z020'
INFO: [Common 17-349] Got license for feature 'Synthesis' and/or device 'xc7z020'
INFO: [Designutils 20-5008] Incremental synthesis strategy off
INFO: [Synth 8-7079] Multithreading enabled for synth_design using a maximum of 2 processes.
INFO: [Synth 8-7078] Launching helper process for spawning children vivado processes
INFO: [Synth 8-7075] Helper process launched with PID 10428
---------------------------------------------------------------------------------
Starting Synthesize : Time (s): cpu = 00:00:08 ; elapsed = 00:00:09 . Memory (MB): peak = 1614.234 ; gain = 0.000
---------------------------------------------------------------------------------
INFO: [Synth 8-638] synthesizing module 'bs_distane_leds_HCRS04_0_0' [c:/Users/Usuario/Desktop/distancia_leds/distancia_leds/distancia_leds.gen/sources_1/bd/bs_distane_leds/ip/bs_distane_leds_HCRS04_0_0/synth/bs_distane_leds_HCRS04_0_0.vhd:65]
INFO: [Synth 8-3491] module 'HCRS04' declared at 'C:/Users/Usuario/Desktop/distancia_leds/distancia_leds/distancia_leds.srcs/sources_1/new/hcrso4.vhd:14' bound to instance 'U0' of component 'HCRS04' [c:/Users/Usuario/Desktop/distancia_leds/distancia_leds/distancia_leds.gen/sources_1/bd/bs_distane_leds/ip/bs_distane_leds_HCRS04_0_0/synth/bs_distane_leds_HCRS04_0_0.vhd:89]
INFO: [Synth 8-638] synthesizing module 'HCRS04' [C:/Users/Usuario/Desktop/distancia_leds/distancia_leds/distancia_leds.srcs/sources_1/new/hcrso4.vhd:22]
INFO: [Synth 8-3491] module 'TriggerGen' declared at 'C:/Users/Usuario/Desktop/distancia_leds/distancia_leds/distancia_leds.srcs/sources_1/new/trigggen.vhd:5' bound to instance 'Inst_TriggerGen' of component 'TriggerGen' [C:/Users/Usuario/Desktop/distancia_leds/distancia_leds/distancia_leds.srcs/sources_1/new/hcrso4.vhd:77]
INFO: [Synth 8-638] synthesizing module 'TriggerGen' [C:/Users/Usuario/Desktop/distancia_leds/distancia_leds/distancia_leds.srcs/sources_1/new/trigggen.vhd:12]
INFO: [Synth 8-256] done synthesizing module 'TriggerGen' (0#1) [C:/Users/Usuario/Desktop/distancia_leds/distancia_leds/distancia_leds.srcs/sources_1/new/trigggen.vhd:12]
INFO: [Synth 8-3491] module 'time_counter' declared at 'C:/Users/Usuario/Desktop/distancia_leds/distancia_leds/distancia_leds.srcs/sources_1/new/time_counter.vhd:5' bound to instance 'Inst_counter' of component 'Time_counter' [C:/Users/Usuario/Desktop/distancia_leds/distancia_leds/distancia_leds.srcs/sources_1/new/hcrso4.vhd:82]
INFO: [Synth 8-638] synthesizing module 'time_counter' [C:/Users/Usuario/Desktop/distancia_leds/distancia_leds/distancia_leds.srcs/sources_1/new/time_counter.vhd:13]
INFO: [Synth 8-256] done synthesizing module 'time_counter' (0#1) [C:/Users/Usuario/Desktop/distancia_leds/distancia_leds/distancia_leds.srcs/sources_1/new/time_counter.vhd:13]
INFO: [Synth 8-3491] module 'distance_calculation' declared at 'C:/Users/Usuario/Desktop/distancia_leds/distancia_leds/distancia_leds.srcs/sources_1/new/distance_calculation.vhd:6' bound to instance 'Inst_distance_calculation' of component 'distance_calculation' [C:/Users/Usuario/Desktop/distancia_leds/distancia_leds/distancia_leds.srcs/sources_1/new/hcrso4.vhd:96]
INFO: [Synth 8-638] synthesizing module 'distance_calculation' [C:/Users/Usuario/Desktop/distancia_leds/distancia_leds/distancia_leds.srcs/sources_1/new/distance_calculation.vhd:13]
INFO: [Synth 8-256] done synthesizing module 'distance_calculation' (0#1) [C:/Users/Usuario/Desktop/distancia_leds/distancia_leds/distancia_leds.srcs/sources_1/new/distance_calculation.vhd:13]
INFO: [Synth 8-256] done synthesizing module 'HCRS04' (0#1) [C:/Users/Usuario/Desktop/distancia_leds/distancia_leds/distancia_leds.srcs/sources_1/new/hcrso4.vhd:22]
INFO: [Synth 8-256] done synthesizing module 'bs_distane_leds_HCRS04_0_0' (0#1) [c:/Users/Usuario/Desktop/distancia_leds/distancia_leds/distancia_leds.gen/sources_1/bd/bs_distane_leds/ip/bs_distane_leds_HCRS04_0_0/synth/bs_distane_leds_HCRS04_0_0.vhd:65]
WARNING: [Synth 8-6014] Unused sequential element counter_reg was removed.  [C:/Users/Usuario/Desktop/distancia_leds/distancia_leds/distancia_leds.srcs/sources_1/new/hcrso4.vhd:66]
---------------------------------------------------------------------------------
Finished Synthesize : Time (s): cpu = 00:00:10 ; elapsed = 00:00:12 . Memory (MB): peak = 1614.234 ; gain = 0.000
---------------------------------------------------------------------------------
---------------------------------------------------------------------------------
Finished Constraint Validation : Time (s): cpu = 00:00:11 ; elapsed = 00:00:12 . Memory (MB): peak = 1614.234 ; gain = 0.000
---------------------------------------------------------------------------------
---------------------------------------------------------------------------------
Start Loading Part and Timing Information
---------------------------------------------------------------------------------
Loading part: xc7z020clg400-1
---------------------------------------------------------------------------------
Finished Loading Part and Timing Information : Time (s): cpu = 00:00:11 ; elapsed = 00:00:12 . Memory (MB): peak = 1614.234 ; gain = 0.000
---------------------------------------------------------------------------------
INFO: [Device 21-403] Loading part xc7z020clg400-1
---------------------------------------------------------------------------------
Finished RTL Optimization Phase 2 : Time (s): cpu = 00:00:11 ; elapsed = 00:00:13 . Memory (MB): peak = 1614.234 ; gain = 0.000
---------------------------------------------------------------------------------
No constraint files found.
---------------------------------------------------------------------------------
Start RTL Component Statistics 
---------------------------------------------------------------------------------
Detailed RTL Component Info : 
+---Registers : 
	               21 Bit    Registers := 1     
+---Muxes : 
	   5 Input    4 Bit        Muxes := 1     
---------------------------------------------------------------------------------
Finished RTL Component Statistics 
---------------------------------------------------------------------------------
---------------------------------------------------------------------------------
Start Part Resource Summary
---------------------------------------------------------------------------------
Part Resources:
DSPs: 220 (col length:60)
BRAMs: 280 (col length: RAMB18 60 RAMB36 30)
---------------------------------------------------------------------------------
Finished Part Resource Summary
---------------------------------------------------------------------------------
No constraint files found.
---------------------------------------------------------------------------------
Start Cross Boundary and Area Optimization
---------------------------------------------------------------------------------
WARNING: [Synth 8-7080] Parallel synthesis criteria is not met
---------------------------------------------------------------------------------
Finished Cross Boundary and Area Optimization : Time (s): cpu = 00:00:18 ; elapsed = 00:00:21 . Memory (MB): peak = 1614.234 ; gain = 0.000
---------------------------------------------------------------------------------
No constraint files found.
---------------------------------------------------------------------------------
Start Timing Optimization
---------------------------------------------------------------------------------
---------------------------------------------------------------------------------
Finished Timing Optimization : Time (s): cpu = 00:00:18 ; elapsed = 00:00:21 . Memory (MB): peak = 1614.234 ; gain = 0.000
---------------------------------------------------------------------------------
---------------------------------------------------------------------------------
Start Technology Mapping
---------------------------------------------------------------------------------
---------------------------------------------------------------------------------
Finished Technology Mapping : Time (s): cpu = 00:00:18 ; elapsed = 00:00:21 . Memory (MB): peak = 1614.234 ; gain = 0.000
---------------------------------------------------------------------------------
---------------------------------------------------------------------------------
Start IO Insertion
---------------------------------------------------------------------------------
---------------------------------------------------------------------------------
Start Flattening Before IO Insertion
---------------------------------------------------------------------------------
---------------------------------------------------------------------------------
Finished Flattening Before IO Insertion
---------------------------------------------------------------------------------
---------------------------------------------------------------------------------
Start Final Netlist Cleanup
---------------------------------------------------------------------------------
---------------------------------------------------------------------------------
Finished Final Netlist Cleanup
---------------------------------------------------------------------------------
---------------------------------------------------------------------------------
Finished IO Insertion : Time (s): cpu = 00:00:25 ; elapsed = 00:00:28 . Memory (MB): peak = 1614.234 ; gain = 0.000
---------------------------------------------------------------------------------
---------------------------------------------------------------------------------
Start Renaming Generated Instances
---------------------------------------------------------------------------------
---------------------------------------------------------------------------------
Finished Renaming Generated Instances : Time (s): cpu = 00:00:25 ; elapsed = 00:00:28 . Memory (MB): peak = 1614.234 ; gain = 0.000
---------------------------------------------------------------------------------
---------------------------------------------------------------------------------
Start Rebuilding User Hierarchy
---------------------------------------------------------------------------------
---------------------------------------------------------------------------------
Finished Rebuilding User Hierarchy : Time (s): cpu = 00:00:25 ; elapsed = 00:00:28 . Memory (MB): peak = 1614.234 ; gain = 0.000
---------------------------------------------------------------------------------
---------------------------------------------------------------------------------
Start Renaming Generated Ports
---------------------------------------------------------------------------------
---------------------------------------------------------------------------------
Finished Renaming Generated Ports : Time (s): cpu = 00:00:25 ; elapsed = 00:00:28 . Memory (MB): peak = 1614.234 ; gain = 0.000
---------------------------------------------------------------------------------
---------------------------------------------------------------------------------
Start Handling Custom Attributes
---------------------------------------------------------------------------------
---------------------------------------------------------------------------------
Finished Handling Custom Attributes : Time (s): cpu = 00:00:25 ; elapsed = 00:00:28 . Memory (MB): peak = 1614.234 ; gain = 0.000
---------------------------------------------------------------------------------
---------------------------------------------------------------------------------
Start Renaming Generated Nets
---------------------------------------------------------------------------------
---------------------------------------------------------------------------------
Finished Renaming Generated Nets : Time (s): cpu = 00:00:25 ; elapsed = 00:00:28 . Memory (MB): peak = 1614.234 ; gain = 0.000
---------------------------------------------------------------------------------
---------------------------------------------------------------------------------
Start Writing Synthesis Report
---------------------------------------------------------------------------------

Report BlackBoxes: 
+-+--------------+----------+
| |BlackBox name |Instances |
+-+--------------+----------+
+-+--------------+----------+

Report Cell Usage: 
+------+-------+------+
|      |Cell   |Count |
+------+-------+------+
|1     |CARRY4 |    39|
|2     |LUT1   |    20|
|3     |LUT2   |   133|
|4     |LUT3   |     2|
|5     |LUT5   |     2|
|6     |FDCE   |    21|
|7     |FDRE   |    43|
+------+-------+------+

Report Instance Areas: 
+------+------------------------------+---------------------+------+
|      |Instance                      |Module               |Cells |
+------+------------------------------+---------------------+------+
|1     |top                           |                     |   260|
|2     |  U0                          |HCRS04               |   260|
|3     |    Inst_TriggerGen           |TriggerGen           |    71|
|4     |    Inst_counter              |time_counter         |    28|
|5     |    Inst_distance_calculation |distance_calculation |   118|
+------+------------------------------+---------------------+------+
---------------------------------------------------------------------------------
Finished Writing Synthesis Report : Time (s): cpu = 00:00:25 ; elapsed = 00:00:28 . Memory (MB): peak = 1614.234 ; gain = 0.000
---------------------------------------------------------------------------------
Synthesis finished with 0 errors, 0 critical warnings and 2 warnings.
Synthesis Optimization Runtime : Time (s): cpu = 00:00:25 ; elapsed = 00:00:28 . Memory (MB): peak = 1614.234 ; gain = 0.000
Synthesis Optimization Complete : Time (s): cpu = 00:00:25 ; elapsed = 00:00:28 . Memory (MB): peak = 1614.234 ; gain = 0.000
INFO: [Project 1-571] Translating synthesized netlist
Netlist sorting complete. Time (s): cpu = 00:00:00 ; elapsed = 00:00:00.003 . Memory (MB): peak = 1614.234 ; gain = 0.000
INFO: [Netlist 29-17] Analyzing 39 Unisim elements for replacement
INFO: [Netlist 29-28] Unisim Transformation completed in 0 CPU seconds
INFO: [Project 1-570] Preparing netlist for logic optimization
INFO: [Opt 31-138] Pushed 0 inverter(s) to 0 load pin(s).
Netlist sorting complete. Time (s): cpu = 00:00:00 ; elapsed = 00:00:00 . Memory (MB): peak = 1614.234 ; gain = 0.000
INFO: [Project 1-111] Unisim Transformation Summary:
No Unisim elements were transformed.

Synth Design complete, checksum: 5e92a648
INFO: [Common 17-83] Releasing license: Synthesis
30 Infos, 2 Warnings, 0 Critical Warnings and 0 Errors encountered.
synth_design completed successfully
synth_design: Time (s): cpu = 00:00:27 ; elapsed = 00:00:31 . Memory (MB): peak = 1614.234 ; gain = 0.000
INFO: [Timing 38-35] Done setting XDC timing constraints.
INFO: [Common 17-1381] The checkpoint 'C:/Users/Usuario/Desktop/distancia_leds/distancia_leds/distancia_leds.runs/bs_distane_leds_HCRS04_0_0_synth_1/bs_distane_leds_HCRS04_0_0.dcp' has been generated.
write_checkpoint: Time (s): cpu = 00:00:11 ; elapsed = 00:00:11 . Memory (MB): peak = 1935.738 ; gain = 321.504
INFO: [Coretcl 2-1648] Added synthesis output to IP cache for IP bs_distane_leds_HCRS04_0_0, cache-ID = 7b7ea5cbe0bda7c1
INFO: [Coretcl 2-1174] Renamed 4 cell refs.
INFO: [Common 17-1381] The checkpoint 'C:/Users/Usuario/Desktop/distancia_leds/distancia_leds/distancia_leds.runs/bs_distane_leds_HCRS04_0_0_synth_1/bs_distane_leds_HCRS04_0_0.dcp' has been generated.
INFO: [runtcl-4] Executing : report_utilization -file bs_distane_leds_HCRS04_0_0_utilization_synth.rpt -pb bs_distane_leds_HCRS04_0_0_utilization_synth.pb
INFO: [Common 17-206] Exiting Vivado at Thu May  9 19:57:03 2024...
