Vivado Simulator v2022.1
Copyright 1986-1999, 2001-2022 Xilinx, Inc. All Rights Reserved.
Running: H:/Vivado/2022.1/bin/unwrapped/win64.o/xelab.exe --incr --debug typical --relax --mt 2 -L xil_defaultlib -L secureip --snapshot hcrs04_top_behav xil_defaultlib.hcrs04_top -log elaborate.log 
Using 2 slave threads.
Starting static elaboration
Completed static elaboration
Starting simulation data flow analysis
Completed simulation data flow analysis
Time Resolution for simulation is 1ps
Compiling package std.standard
Compiling package std.textio
Compiling package ieee.std_logic_1164
Compiling package ieee.std_logic_arith
Compiling package ieee.std_logic_unsigned
Compiling architecture behavioral of entity xil_defaultlib.TriggerGen [triggergen_default]
Compiling architecture behavioral of entity xil_defaultlib.Time_counter [time_counter_default]
Compiling architecture behavioral of entity xil_defaultlib.distance_calculation [distance_calculation_default]
Compiling architecture behavioral of entity xil_defaultlib.display_decoder [display_decoder_default]
Compiling architecture behavioral of entity xil_defaultlib.HCRS04 [hcrs04_default]
Compiling architecture behavior of entity xil_defaultlib.hcrs04_top
Built simulation snapshot hcrs04_top_behav
