
*** Running vivado
    with args -log BD_LCD_wrapper.vds -m64 -product Vivado -mode batch -messageDb vivado.pb -notrace -source BD_LCD_wrapper.tcl



****** Vivado v2022.1 (64-bit)
  **** SW Build 3526262 on Mon Apr 18 15:48:16 MDT 2022
  **** IP Build 3524634 on Mon Apr 18 20:55:01 MDT 2022
    ** Copyright 1986-2022 Xilinx, Inc. All Rights Reserved.

source BD_LCD_wrapper.tcl -notrace
create_project: Time (s): cpu = 00:00:05 ; elapsed = 00:00:06 . Memory (MB): peak = 1608.156 ; gain = 0.000
INFO: [IP_Flow 19-234] Refreshing IP repositories
INFO: [IP_Flow 19-1704] No user IP repositories specified
INFO: [IP_Flow 19-2313] Loaded Vivado IP repository 'H:/Vivado/2022.1/data/ip'.
add_files: Time (s): cpu = 00:00:01 ; elapsed = 00:00:06 . Memory (MB): peak = 1608.156 ; gain = 0.000
Command: read_checkpoint -auto_incremental -incremental C:/Users/Usuario/Desktop/LCD/LCD.srcs/utils_1/imports/synth_1/lcd_controller.dcp
INFO: [Vivado 12-5825] Read reference checkpoint from C:/Users/Usuario/Desktop/LCD/LCD.srcs/utils_1/imports/synth_1/lcd_controller.dcp for incremental synthesis
INFO: [Vivado 12-7989] Please ensure there are no constraint changes
Command: synth_design -top BD_LCD_wrapper -part xc7z020clg400-1
Starting synth_design
Attempting to get a license for feature 'Synthesis' and/or device 'xc7z020'
INFO: [Common 17-349] Got license for feature 'Synthesis' and/or device 'xc7z020'
INFO: [Device 21-403] Loading part xc7z020clg400-1
INFO: [Designutils 20-5440] No compile time benefit to using incremental synthesis; A full resynthesis will be run
INFO: [Designutils 20-4379] Flow is switching to default flow due to incremental criteria not met. If you would like to alter this behaviour and have the flow terminate instead, please set the following parameter config_implementation {autoIncr.Synth.RejectBehavior Terminate}
INFO: [Synth 8-7079] Multithreading enabled for synth_design using a maximum of 2 processes.
INFO: [Synth 8-7078] Launching helper process for spawning children vivado processes
INFO: [Synth 8-7075] Helper process launched with PID 12928
---------------------------------------------------------------------------------
Starting RTL Elaboration : Time (s): cpu = 00:00:08 ; elapsed = 00:00:08 . Memory (MB): peak = 1608.156 ; gain = 0.000
---------------------------------------------------------------------------------
INFO: [Synth 8-638] synthesizing module 'BD_LCD_wrapper' [c:/Users/Usuario/Desktop/LCD/LCD.gen/sources_1/bd/BD_LCD/hdl/BD_LCD_wrapper.vhd:25]
INFO: [Synth 8-3491] module 'BD_LCD' declared at 'c:/Users/Usuario/Desktop/LCD/LCD.gen/sources_1/bd/BD_LCD/synth/BD_LCD.vhd:14' bound to instance 'BD_LCD_i' of component 'BD_LCD' [c:/Users/Usuario/Desktop/LCD/LCD.gen/sources_1/bd/BD_LCD/hdl/BD_LCD_wrapper.vhd:37]
INFO: [Synth 8-638] synthesizing module 'BD_LCD' [c:/Users/Usuario/Desktop/LCD/LCD.gen/sources_1/bd/BD_LCD/synth/BD_LCD.vhd:29]
INFO: [Synth 8-3491] module 'BD_LCD_Text_sender_0_0' declared at 'C:/Users/Usuario/Desktop/LCD/LCD.runs/synth_1/.Xil/Vivado-25004-DESKTOP-T6T718M/realtime/BD_LCD_Text_sender_0_0_stub.vhdl:5' bound to instance 'Text_sender_0' of component 'BD_LCD_Text_sender_0_0' [c:/Users/Usuario/Desktop/LCD/LCD.gen/sources_1/bd/BD_LCD/synth/BD_LCD.vhd:73]
INFO: [Synth 8-638] synthesizing module 'BD_LCD_Text_sender_0_0' [C:/Users/Usuario/Desktop/LCD/LCD.runs/synth_1/.Xil/Vivado-25004-DESKTOP-T6T718M/realtime/BD_LCD_Text_sender_0_0_stub.vhdl:16]
INFO: [Synth 8-3491] module 'BD_LCD_lcd_controller_0_0' declared at 'C:/Users/Usuario/Desktop/LCD/LCD.runs/synth_1/.Xil/Vivado-25004-DESKTOP-T6T718M/realtime/BD_LCD_lcd_controller_0_0_stub.vhdl:5' bound to instance 'lcd_controller_0' of component 'BD_LCD_lcd_controller_0_0' [c:/Users/Usuario/Desktop/LCD/LCD.gen/sources_1/bd/BD_LCD/synth/BD_LCD.vhd:81]
INFO: [Synth 8-638] synthesizing module 'BD_LCD_lcd_controller_0_0' [C:/Users/Usuario/Desktop/LCD/LCD.runs/synth_1/.Xil/Vivado-25004-DESKTOP-T6T718M/realtime/BD_LCD_lcd_controller_0_0_stub.vhdl:19]
INFO: [Synth 8-256] done synthesizing module 'BD_LCD' (0#1) [c:/Users/Usuario/Desktop/LCD/LCD.gen/sources_1/bd/BD_LCD/synth/BD_LCD.vhd:29]
INFO: [Synth 8-256] done synthesizing module 'BD_LCD_wrapper' (0#1) [c:/Users/Usuario/Desktop/LCD/LCD.gen/sources_1/bd/BD_LCD/hdl/BD_LCD_wrapper.vhd:25]
---------------------------------------------------------------------------------
Finished RTL Elaboration : Time (s): cpu = 00:00:10 ; elapsed = 00:00:11 . Memory (MB): peak = 1651.078 ; gain = 42.922
---------------------------------------------------------------------------------
---------------------------------------------------------------------------------
Start Handling Custom Attributes
---------------------------------------------------------------------------------
---------------------------------------------------------------------------------
Finished Handling Custom Attributes : Time (s): cpu = 00:00:10 ; elapsed = 00:00:11 . Memory (MB): peak = 1651.078 ; gain = 42.922
---------------------------------------------------------------------------------
---------------------------------------------------------------------------------
Finished RTL Optimization Phase 1 : Time (s): cpu = 00:00:10 ; elapsed = 00:00:11 . Memory (MB): peak = 1651.078 ; gain = 42.922
---------------------------------------------------------------------------------
Netlist sorting complete. Time (s): cpu = 00:00:00 ; elapsed = 00:00:00.008 . Memory (MB): peak = 1651.078 ; gain = 0.000
INFO: [Project 1-570] Preparing netlist for logic optimization

Processing XDC Constraints
Initializing timing engine
Parsing XDC File [c:/Users/Usuario/Desktop/LCD/LCD.gen/sources_1/bd/BD_LCD/ip/BD_LCD_lcd_controller_0_0/BD_LCD_lcd_controller_0_0/BD_LCD_lcd_controller_0_0_in_context.xdc] for cell 'BD_LCD_i/lcd_controller_0'
Finished Parsing XDC File [c:/Users/Usuario/Desktop/LCD/LCD.gen/sources_1/bd/BD_LCD/ip/BD_LCD_lcd_controller_0_0/BD_LCD_lcd_controller_0_0/BD_LCD_lcd_controller_0_0_in_context.xdc] for cell 'BD_LCD_i/lcd_controller_0'
Parsing XDC File [c:/Users/Usuario/Desktop/LCD/LCD.gen/sources_1/bd/BD_LCD/ip/BD_LCD_Text_sender_0_0/BD_LCD_Text_sender_0_0/BD_LCD_Text_sender_0_0_in_context.xdc] for cell 'BD_LCD_i/Text_sender_0'
Finished Parsing XDC File [c:/Users/Usuario/Desktop/LCD/LCD.gen/sources_1/bd/BD_LCD/ip/BD_LCD_Text_sender_0_0/BD_LCD_Text_sender_0_0/BD_LCD_Text_sender_0_0_in_context.xdc] for cell 'BD_LCD_i/Text_sender_0'
Parsing XDC File [C:/Users/Usuario/Desktop/LCD/LCD.srcs/constrs_1/new/constrains_lcd.xdc]
Finished Parsing XDC File [C:/Users/Usuario/Desktop/LCD/LCD.srcs/constrs_1/new/constrains_lcd.xdc]
INFO: [Project 1-236] Implementation specific constraints were found while reading constraint file [C:/Users/Usuario/Desktop/LCD/LCD.srcs/constrs_1/new/constrains_lcd.xdc]. These constraints will be ignored for synthesis but will be used in implementation. Impacted constraints are listed in the file [.Xil/BD_LCD_wrapper_propImpl.xdc].
Resolution: To avoid this warning, move constraints listed in [.Xil/BD_LCD_wrapper_propImpl.xdc] to another XDC file and exclude this new file from synthesis with the used_in_synthesis property (File Properties dialog in GUI) and re-run elaboration/synthesis.
Parsing XDC File [C:/Users/Usuario/Desktop/LCD/LCD.runs/synth_1/dont_touch.xdc]
Finished Parsing XDC File [C:/Users/Usuario/Desktop/LCD/LCD.runs/synth_1/dont_touch.xdc]
Completed Processing XDC Constraints

Netlist sorting complete. Time (s): cpu = 00:00:00 ; elapsed = 00:00:00 . Memory (MB): peak = 1651.078 ; gain = 0.000
INFO: [Project 1-111] Unisim Transformation Summary:
No Unisim elements were transformed.

Constraint Validation Runtime : Time (s): cpu = 00:00:00 ; elapsed = 00:00:00.004 . Memory (MB): peak = 1651.078 ; gain = 0.000
INFO: [Designutils 20-5440] No compile time benefit to using incremental synthesis; A full resynthesis will be run
INFO: [Designutils 20-4379] Flow is switching to default flow due to incremental criteria not met. If you would like to alter this behaviour and have the flow terminate instead, please set the following parameter config_implementation {autoIncr.Synth.RejectBehavior Terminate}
---------------------------------------------------------------------------------
Finished Constraint Validation : Time (s): cpu = 00:00:21 ; elapsed = 00:00:23 . Memory (MB): peak = 1651.078 ; gain = 42.922
---------------------------------------------------------------------------------
---------------------------------------------------------------------------------
Start Loading Part and Timing Information
---------------------------------------------------------------------------------
Loading part: xc7z020clg400-1
---------------------------------------------------------------------------------
Finished Loading Part and Timing Information : Time (s): cpu = 00:00:21 ; elapsed = 00:00:23 . Memory (MB): peak = 1651.078 ; gain = 42.922
---------------------------------------------------------------------------------
---------------------------------------------------------------------------------
Start Applying 'set_property' XDC Constraints
---------------------------------------------------------------------------------
Applied set_property KEEP_HIERARCHY = SOFT for BD_LCD_i. (constraint file  auto generated constraint).
Applied set_property KEEP_HIERARCHY = SOFT for BD_LCD_i/lcd_controller_0. (constraint file  auto generated constraint).
Applied set_property KEEP_HIERARCHY = SOFT for BD_LCD_i/Text_sender_0. (constraint file  auto generated constraint).
---------------------------------------------------------------------------------
Finished applying 'set_property' XDC Constraints : Time (s): cpu = 00:00:21 ; elapsed = 00:00:23 . Memory (MB): peak = 1651.078 ; gain = 42.922
---------------------------------------------------------------------------------
---------------------------------------------------------------------------------
Finished RTL Optimization Phase 2 : Time (s): cpu = 00:00:21 ; elapsed = 00:00:23 . Memory (MB): peak = 1651.078 ; gain = 42.922
---------------------------------------------------------------------------------
---------------------------------------------------------------------------------
Start RTL Component Statistics 
---------------------------------------------------------------------------------
Detailed RTL Component Info : 
---------------------------------------------------------------------------------
Finished RTL Component Statistics 
---------------------------------------------------------------------------------
---------------------------------------------------------------------------------
Start Part Resource Summary
---------------------------------------------------------------------------------
Part Resources:
DSPs: 220 (col length:60)
BRAMs: 280 (col length: RAMB18 60 RAMB36 30)
---------------------------------------------------------------------------------
Finished Part Resource Summary
---------------------------------------------------------------------------------
---------------------------------------------------------------------------------
Start Cross Boundary and Area Optimization
---------------------------------------------------------------------------------
WARNING: [Synth 8-7080] Parallel synthesis criteria is not met
---------------------------------------------------------------------------------
Finished Cross Boundary and Area Optimization : Time (s): cpu = 00:00:23 ; elapsed = 00:00:26 . Memory (MB): peak = 1651.078 ; gain = 42.922
---------------------------------------------------------------------------------
---------------------------------------------------------------------------------
Start Applying XDC Timing Constraints
---------------------------------------------------------------------------------
---------------------------------------------------------------------------------
Finished Applying XDC Timing Constraints : Time (s): cpu = 00:00:32 ; elapsed = 00:00:34 . Memory (MB): peak = 1651.078 ; gain = 42.922
---------------------------------------------------------------------------------
---------------------------------------------------------------------------------
Start Timing Optimization
---------------------------------------------------------------------------------
---------------------------------------------------------------------------------
Finished Timing Optimization : Time (s): cpu = 00:00:32 ; elapsed = 00:00:34 . Memory (MB): peak = 1651.078 ; gain = 42.922
---------------------------------------------------------------------------------
---------------------------------------------------------------------------------
Start Technology Mapping
---------------------------------------------------------------------------------
---------------------------------------------------------------------------------
Finished Technology Mapping : Time (s): cpu = 00:00:32 ; elapsed = 00:00:34 . Memory (MB): peak = 1668.426 ; gain = 60.270
---------------------------------------------------------------------------------
---------------------------------------------------------------------------------
Start IO Insertion
---------------------------------------------------------------------------------
---------------------------------------------------------------------------------
Start Flattening Before IO Insertion
---------------------------------------------------------------------------------
---------------------------------------------------------------------------------
Finished Flattening Before IO Insertion
---------------------------------------------------------------------------------
---------------------------------------------------------------------------------
Start Final Netlist Cleanup
---------------------------------------------------------------------------------
---------------------------------------------------------------------------------
Finished Final Netlist Cleanup
---------------------------------------------------------------------------------
---------------------------------------------------------------------------------
Finished IO Insertion : Time (s): cpu = 00:00:38 ; elapsed = 00:00:41 . Memory (MB): peak = 1675.074 ; gain = 66.918
---------------------------------------------------------------------------------
---------------------------------------------------------------------------------
Start Renaming Generated Instances
---------------------------------------------------------------------------------
---------------------------------------------------------------------------------
Finished Renaming Generated Instances : Time (s): cpu = 00:00:38 ; elapsed = 00:00:41 . Memory (MB): peak = 1675.074 ; gain = 66.918
---------------------------------------------------------------------------------
---------------------------------------------------------------------------------
Start Rebuilding User Hierarchy
---------------------------------------------------------------------------------
---------------------------------------------------------------------------------
Finished Rebuilding User Hierarchy : Time (s): cpu = 00:00:38 ; elapsed = 00:00:41 . Memory (MB): peak = 1675.074 ; gain = 66.918
---------------------------------------------------------------------------------
---------------------------------------------------------------------------------
Start Renaming Generated Ports
---------------------------------------------------------------------------------
---------------------------------------------------------------------------------
Finished Renaming Generated Ports : Time (s): cpu = 00:00:38 ; elapsed = 00:00:41 . Memory (MB): peak = 1675.074 ; gain = 66.918
---------------------------------------------------------------------------------
---------------------------------------------------------------------------------
Start Handling Custom Attributes
---------------------------------------------------------------------------------
---------------------------------------------------------------------------------
Finished Handling Custom Attributes : Time (s): cpu = 00:00:38 ; elapsed = 00:00:41 . Memory (MB): peak = 1675.074 ; gain = 66.918
---------------------------------------------------------------------------------
---------------------------------------------------------------------------------
Start Renaming Generated Nets
---------------------------------------------------------------------------------
---------------------------------------------------------------------------------
Finished Renaming Generated Nets : Time (s): cpu = 00:00:38 ; elapsed = 00:00:41 . Memory (MB): peak = 1675.074 ; gain = 66.918
---------------------------------------------------------------------------------
---------------------------------------------------------------------------------
Start Writing Synthesis Report
---------------------------------------------------------------------------------

Report BlackBoxes: 
+------+--------------------------+----------+
|      |BlackBox name             |Instances |
+------+--------------------------+----------+
|1     |BD_LCD_Text_sender_0_0    |         1|
|2     |BD_LCD_lcd_controller_0_0 |         1|
+------+--------------------------+----------+

Report Cell Usage: 
+------+-------------------------------+------+
|      |Cell                           |Count |
+------+-------------------------------+------+
|1     |BD_LCD_Text_sender_0_0_bbox    |     1|
|2     |BD_LCD_lcd_controller_0_0_bbox |     1|
|3     |IBUF                           |     2|
|4     |OBUF                           |    11|
+------+-------------------------------+------+
---------------------------------------------------------------------------------
Finished Writing Synthesis Report : Time (s): cpu = 00:00:38 ; elapsed = 00:00:41 . Memory (MB): peak = 1675.074 ; gain = 66.918
---------------------------------------------------------------------------------
Synthesis finished with 0 errors, 0 critical warnings and 1 warnings.
Synthesis Optimization Runtime : Time (s): cpu = 00:00:25 ; elapsed = 00:00:37 . Memory (MB): peak = 1675.074 ; gain = 66.918
Synthesis Optimization Complete : Time (s): cpu = 00:00:38 ; elapsed = 00:00:41 . Memory (MB): peak = 1675.074 ; gain = 66.918
INFO: [Project 1-571] Translating synthesized netlist
Netlist sorting complete. Time (s): cpu = 00:00:00 ; elapsed = 00:00:00.009 . Memory (MB): peak = 1687.105 ; gain = 0.000
INFO: [Project 1-570] Preparing netlist for logic optimization
INFO: [Opt 31-138] Pushed 0 inverter(s) to 0 load pin(s).
Netlist sorting complete. Time (s): cpu = 00:00:00 ; elapsed = 00:00:00 . Memory (MB): peak = 1692.773 ; gain = 0.000
INFO: [Project 1-111] Unisim Transformation Summary:
No Unisim elements were transformed.

Synth Design complete, checksum: 469d0aea
INFO: [Common 17-83] Releasing license: Synthesis
31 Infos, 1 Warnings, 0 Critical Warnings and 0 Errors encountered.
synth_design completed successfully
synth_design: Time (s): cpu = 00:00:44 ; elapsed = 00:00:48 . Memory (MB): peak = 1692.773 ; gain = 84.617
INFO: [Common 17-1381] The checkpoint 'C:/Users/Usuario/Desktop/LCD/LCD.runs/synth_1/BD_LCD_wrapper.dcp' has been generated.
INFO: [runtcl-4] Executing : report_utilization -file BD_LCD_wrapper_utilization_synth.rpt -pb BD_LCD_wrapper_utilization_synth.pb
INFO: [Common 17-206] Exiting Vivado at Wed Jun 12 19:07:30 2024...
