Copyright 1986-2022 Xilinx, Inc. All Rights Reserved.
--------------------------------------------------------------------------------------------------------------------------------------------------------------------------------------------------------
| Tool Version : Vivado v.2022.1 (win64) Build 3526262 Mon Apr 18 15:48:16 MDT 2022
| Date         : Tue May  7 19:36:16 2024
| Host         : DESKTOP-T6T718M running 64-bit major release  (build 9200)
| Command      : report_methodology -file clk_divider_bd_wrapper_methodology_drc_routed.rpt -pb clk_divider_bd_wrapper_methodology_drc_routed.pb -rpx clk_divider_bd_wrapper_methodology_drc_routed.rpx
| Design       : clk_divider_bd_wrapper
| Device       : xc7z020clg400-1
| Speed File   : -1
| Design State : Fully Routed
--------------------------------------------------------------------------------------------------------------------------------------------------------------------------------------------------------

Report Methodology

Table of Contents
-----------------
1. REPORT SUMMARY
2. REPORT DETAILS

1. REPORT SUMMARY
-----------------
            Netlist: netlist
          Floorplan: design_1
      Design limits: <entire design considered>
             Max violations: <unlimited>
             Violations found: 2
+-----------+----------+------------------------------------------------------------------+------------+
| Rule      | Severity | Description                                                      | Violations |
+-----------+----------+------------------------------------------------------------------+------------+
| CKLD-2    | Warning  | Clock Net has IO Driver, not a Clock Buf, and/or non-Clock loads | 1          |
| TIMING-18 | Warning  | Missing input or output delay                                    | 1          |
+-----------+----------+------------------------------------------------------------------+------------+

2. REPORT DETAILS
-----------------
CKLD-2#1 Warning
Clock Net has IO Driver, not a Clock Buf, and/or non-Clock loads  
Clock net CLK_IN_IBUF is directly driven by an IO rather than a Clock Buffer or may be an IO driving a mix of Clock Buffer and non-Clock loads. This connectivity should be reviewed and corrected as appropriate. Driver(s): CLK_IN_IBUF_inst/O, clk_divider_bd_i/CLK_IN
Related violations: <none>

TIMING-18#1 Warning
Missing input or output delay  
An output delay is missing on CLK_OUT relative to clock(s) sys_clk_pin
Related violations: <none>


